---------------
(26/03/2014)
(Realizado hasta hoy)
(18 Horas aprox.)

-Se ha desarrollado la parte del proyecto relacionada con el inicio de sesión y registro de usuarios, a falta de mejoras, tanto la parte Java como la de PHP. Se ha utilizado JSON para codificar y decodificar los datos de envío y recibo de información entre ambas partes.

-Para su desarrollo, se ha utilizado documentación de la web de PHP, del API de Android y Java, asi como webs,blogs,etc para ver casos prácticos.

-Se han incluido los ficheros PHP al repositorio, así como este documento.

* Referencias:
	
	http://es1.php.net/manual/es/book.json.php (Desde aqui en adelante, hay varias secciones)
	http://developer.android.com/intl/es/reference/org/apache/http/client/methods/HttpPost.html
	http://developer.android.com/intl/es/reference/org/apache/http/HttpResponse.html
	http://blog.ruido4design.com/2012/03/validar-un-nif-en-java.html
	Diferentes paginas de http://stackoverflow.com en referencia a estas clases y sus usos.
*
---------------

(1/04/2014)
(1h)

-Cambio de directorio Git para tener el proyecto bien ubicado.

-----------------
(2/04/2014)
(3h)

-Documentación sobre Threads y AsyncTask y realización de pruebas en ejercicios aparte.

—————————————————
(3/04/2014)
(2:30h)

- Documentación e implementación de threads para el proyecto.

————————————————
(7/04/2014)
(5h aprox.)

- Documentación sobre clase JSON para traer la información de las pistas disponibles a un ListView Android.

-Desarrollo de tabla mysql donde se recogen las pistas en dos distintos horarios para cada día.

-Realización de pruebas sobre estos aspectos.

_ Incluida el fichero checkCourts, para comunicar con PHP.

